[debug] ----------------------------------------------------------------------
[debug] Command:      C:\Program Files\nodejs\node.exe C:\Users\Dariusz\AppData\Roaming\npm\node_modules\firebase-tools\bin\firebase serve
[debug] CLI Version:  3.4.0
[debug] Platform:     win32
[debug] Node Version: v6.10.0
[debug] Time:         Sun Feb 26 2017 11:06:52 GMT+0100 (Central European Standard Time)
[debug] ----------------------------------------------------------------------
[debug] 
[info] Starting Firebase development server...
[info] 
[info] Project Directory: C:\Users\Dariusz\Desktop\FriendlyChat\web-start
[info] Public Directory: ./
[info] 
[info] Server listening at: http://localhost:5000
[debug] ----------------------------------------------------------------------
[debug] Command:      C:\Program Files\nodejs\node.exe C:\Users\Dariusz\AppData\Roaming\npm\node_modules\firebase-tools\bin\firebase serve
[debug] CLI Version:  3.4.0
[debug] Platform:     win32
[debug] Node Version: v6.10.0
[debug] Time:         Sun Feb 26 2017 12:28:33 GMT+0100 (Central European Standard Time)
[debug] ----------------------------------------------------------------------
[debug] 
[info] Starting Firebase development server...
[info] 
[info] Project Directory: C:\Users\Dariusz\Desktop\FriendlyChat\web-start
[info] Public Directory: ./
[info] 
[info] Server listening at: http://localhost:5000
[debug] ----------------------------------------------------------------------
[debug] Command:      C:\Program Files\nodejs\node.exe C:\Users\Dariusz\AppData\Roaming\npm\node_modules\firebase-tools\bin\firebase serve
[debug] CLI Version:  3.4.0
[debug] Platform:     win32
[debug] Node Version: v6.10.0
[debug] Time:         Sun Feb 26 2017 16:54:42 GMT+0100 (Central European Standard Time)
[debug] ----------------------------------------------------------------------
[debug] 
[info] Starting Firebase development server...
[info] 
[info] Project Directory: C:\Users\Dariusz\Desktop\FriendlyChat\web-start
[info] Public Directory: ./
[info] 
[info] Server listening at: http://localhost:5000
[debug] ----------------------------------------------------------------------
[debug] Command:      C:\Program Files\nodejs\node.exe C:\Users\Dariusz\AppData\Roaming\npm\node_modules\firebase-tools\bin\firebase serve
[debug] CLI Version:  3.4.0
[debug] Platform:     win32
[debug] Node Version: v6.10.0
[debug] Time:         Mon Feb 27 2017 13:19:53 GMT+0100 (Central European Standard Time)
[debug] ----------------------------------------------------------------------
[debug] 
[info] Starting Firebase development server...
[info] 
[info] Project Directory: C:\Users\Dariusz\Desktop\FriendlyChat\web-start
[info] Public Directory: ./
[info] 
[info] Server listening at: http://localhost:5000
[debug] ----------------------------------------------------------------------
[debug] Command:      C:\Program Files\nodejs\node.exe C:\Users\Dariusz\AppData\Roaming\npm\node_modules\firebase-tools\bin\firebase serve
[debug] CLI Version:  3.4.0
[debug] Platform:     win32
[debug] Node Version: v6.10.0
[debug] Time:         Tue Feb 28 2017 15:46:48 GMT+0100 (Central European Standard Time)
[debug] ----------------------------------------------------------------------
[debug] 
[info] Starting Firebase development server...
[info] 
[info] Project Directory: C:\Users\Dariusz\Desktop\FriendlyChat\web-start
[info] Public Directory: ./
[info] 
[info] Server listening at: http://localhost:5000
